<?xml version="1.0" encoding="UTF-8"?>
<!-- Generated by org.testng.reporters.JUnitReportReporter -->
<testsuite hostname="Prishu" failures="0" tests="1" name="testCases.TC001_AccountRegistrationTest" time="2.162" errors="0" timestamp="2025-08-05T22:16:51 IST" skipped="0">
  <testcase classname="testCases.TC001_AccountRegistrationTest" name="verify_accountRegistration" time="2.162"/>
</testsuite> <!-- testCases.TC001_AccountRegistrationTest -->
