<?xml version="1.0" encoding="UTF-8"?>
<!-- Generated by org.testng.reporters.JUnitReportReporter -->
<testsuite hostname="Prishu" failures="0" tests="1" name="testCases.TC002_LoginTest" time="2.548" errors="0" timestamp="2025-08-05T22:16:51 IST" skipped="0">
  <testcase classname="testCases.TC002_LoginTest" name="verify_login" time="2.548"/>
</testsuite> <!-- testCases.TC002_LoginTest -->
